<?xml version="1.0" encoding="UTF-8"?>
<!-- Generated by org.testng.reporters.JUnitReportReporter -->
<testsuite hostname="DESKTOP-44T50QT" failures="0" tests="1" name="Scripts.TestCase2" time="8.940" errors="0" timestamp="2023-10-11T20:55:36 IST" skipped="0">
  <testcase classname="Scripts.TestCase2" name="tc2" time="8.940"/>
</testsuite> <!-- Scripts.TestCase2 -->
